running egg_info
writing ../../build/session5_assignment/session5_assignment.egg-info/PKG-INFO
writing dependency_links to ../../build/session5_assignment/session5_assignment.egg-info/dependency_links.txt
writing entry points to ../../build/session5_assignment/session5_assignment.egg-info/entry_points.txt
writing requirements to ../../build/session5_assignment/session5_assignment.egg-info/requires.txt
writing top-level names to ../../build/session5_assignment/session5_assignment.egg-info/top_level.txt
reading manifest file '../../build/session5_assignment/session5_assignment.egg-info/SOURCES.txt'
writing manifest file '../../build/session5_assignment/session5_assignment.egg-info/SOURCES.txt'
running build
running build_py
running install
running install_lib
running install_data
creating /home/mohamad/Inmind/Robotics-Session5-Ros2/session5_ros2_ws/install/session5_assignment/share/session5_assignment/launch
running install_egg_info
removing '/home/mohamad/Inmind/Robotics-Session5-Ros2/session5_ros2_ws/install/session5_assignment/lib/python3.10/site-packages/session5_assignment-0.0.0-py3.10.egg-info' (and everything under it)
Copying ../../build/session5_assignment/session5_assignment.egg-info to /home/mohamad/Inmind/Robotics-Session5-Ros2/session5_ros2_ws/install/session5_assignment/lib/python3.10/site-packages/session5_assignment-0.0.0-py3.10.egg-info
running install_scripts
Installing alert_publisher script to /home/mohamad/Inmind/Robotics-Session5-Ros2/session5_ros2_ws/install/session5_assignment/lib/session5_assignment
Installing temperature_publisher script to /home/mohamad/Inmind/Robotics-Session5-Ros2/session5_ros2_ws/install/session5_assignment/lib/session5_assignment
Installing threshold_subscriber script to /home/mohamad/Inmind/Robotics-Session5-Ros2/session5_ros2_ws/install/session5_assignment/lib/session5_assignment
writing list of installed files to '/home/mohamad/Inmind/Robotics-Session5-Ros2/session5_ros2_ws/build/session5_assignment/install.log'
