[0.887s] Invoking command in '/home/mohamad/Inmind/Robotics-Session5-Ros2/session5_ros2_ws/src/session5_assignment': PYTHONPATH=/home/mohamad/Inmind/Robotics-Session5-Ros2/session5_ros2_ws/build/session5_assignment/prefix_override:/home/mohamad/Inmind/Robotics-Session5-Ros2/session5_ros2_ws/install/session5_assignment/lib/python3.10/site-packages:${PYTHONPATH} /usr/bin/python3 -W ignore:setup.py install is deprecated setup.py egg_info --egg-base ../../build/session5_assignment build --build-base /home/mohamad/Inmind/Robotics-Session5-Ros2/session5_ros2_ws/build/session5_assignment/build install --record /home/mohamad/Inmind/Robotics-Session5-Ros2/session5_ros2_ws/build/session5_assignment/install.log --single-version-externally-managed install_data
[1.142s] running egg_info
[1.142s] creating ../../build/session5_assignment/session5_assignment.egg-info
[1.142s] writing ../../build/session5_assignment/session5_assignment.egg-info/PKG-INFO
[1.143s] writing dependency_links to ../../build/session5_assignment/session5_assignment.egg-info/dependency_links.txt
[1.144s] writing entry points to ../../build/session5_assignment/session5_assignment.egg-info/entry_points.txt
[1.144s] writing requirements to ../../build/session5_assignment/session5_assignment.egg-info/requires.txt
[1.144s] writing top-level names to ../../build/session5_assignment/session5_assignment.egg-info/top_level.txt
[1.145s] writing manifest file '../../build/session5_assignment/session5_assignment.egg-info/SOURCES.txt'
[1.146s] reading manifest file '../../build/session5_assignment/session5_assignment.egg-info/SOURCES.txt'
[1.147s] writing manifest file '../../build/session5_assignment/session5_assignment.egg-info/SOURCES.txt'
[1.147s] running build
[1.148s] running build_py
[1.148s] creating /home/mohamad/Inmind/Robotics-Session5-Ros2/session5_ros2_ws/build/session5_assignment/build
[1.148s] creating /home/mohamad/Inmind/Robotics-Session5-Ros2/session5_ros2_ws/build/session5_assignment/build/lib
[1.148s] creating /home/mohamad/Inmind/Robotics-Session5-Ros2/session5_ros2_ws/build/session5_assignment/build/lib/session5_assignment
[1.148s] copying session5_assignment/__init__.py -> /home/mohamad/Inmind/Robotics-Session5-Ros2/session5_ros2_ws/build/session5_assignment/build/lib/session5_assignment
[1.149s] running install
[1.149s] running install_lib
[1.150s] creating /home/mohamad/Inmind/Robotics-Session5-Ros2/session5_ros2_ws/install/session5_assignment/lib/python3.10/site-packages/session5_assignment
[1.150s] copying /home/mohamad/Inmind/Robotics-Session5-Ros2/session5_ros2_ws/build/session5_assignment/build/lib/session5_assignment/__init__.py -> /home/mohamad/Inmind/Robotics-Session5-Ros2/session5_ros2_ws/install/session5_assignment/lib/python3.10/site-packages/session5_assignment
[1.150s] byte-compiling /home/mohamad/Inmind/Robotics-Session5-Ros2/session5_ros2_ws/install/session5_assignment/lib/python3.10/site-packages/session5_assignment/__init__.py to __init__.cpython-310.pyc
[1.151s] running install_data
[1.151s] creating /home/mohamad/Inmind/Robotics-Session5-Ros2/session5_ros2_ws/install/session5_assignment/share/ament_index
[1.151s] creating /home/mohamad/Inmind/Robotics-Session5-Ros2/session5_ros2_ws/install/session5_assignment/share/ament_index/resource_index
[1.153s] creating /home/mohamad/Inmind/Robotics-Session5-Ros2/session5_ros2_ws/install/session5_assignment/share/ament_index/resource_index/packages
[1.154s] copying resource/session5_assignment -> /home/mohamad/Inmind/Robotics-Session5-Ros2/session5_ros2_ws/install/session5_assignment/share/ament_index/resource_index/packages
[1.154s] copying package.xml -> /home/mohamad/Inmind/Robotics-Session5-Ros2/session5_ros2_ws/install/session5_assignment/share/session5_assignment
[1.155s] running install_egg_info
[1.157s] Copying ../../build/session5_assignment/session5_assignment.egg-info to /home/mohamad/Inmind/Robotics-Session5-Ros2/session5_ros2_ws/install/session5_assignment/lib/python3.10/site-packages/session5_assignment-0.0.0-py3.10.egg-info
[1.159s] running install_scripts
[1.200s] writing list of installed files to '/home/mohamad/Inmind/Robotics-Session5-Ros2/session5_ros2_ws/build/session5_assignment/install.log'
[1.230s] Invoked command in '/home/mohamad/Inmind/Robotics-Session5-Ros2/session5_ros2_ws/src/session5_assignment' returned '0': PYTHONPATH=/home/mohamad/Inmind/Robotics-Session5-Ros2/session5_ros2_ws/build/session5_assignment/prefix_override:/home/mohamad/Inmind/Robotics-Session5-Ros2/session5_ros2_ws/install/session5_assignment/lib/python3.10/site-packages:${PYTHONPATH} /usr/bin/python3 -W ignore:setup.py install is deprecated setup.py egg_info --egg-base ../../build/session5_assignment build --build-base /home/mohamad/Inmind/Robotics-Session5-Ros2/session5_ros2_ws/build/session5_assignment/build install --record /home/mohamad/Inmind/Robotics-Session5-Ros2/session5_ros2_ws/build/session5_assignment/install.log --single-version-externally-managed install_data
